# JRE version: Java(TM) SE Runtime Environment (20.0+36) (build 20+36-2344)
# Java VM: Java HotSpot(TM) 64-Bit Server VM (20+36-2344, mixed mode, sharing, tiered, compressed oops, compressed class ptrs, g1 gc, windows-amd64)
GC Precious Log:
 CardTable entry size: 512
 Card Set container configuration: InlinePtr #cards 5 size 8 Array Of Cards #cards 12 size 40 Howl #buckets 4 coarsen threshold 1843 Howl Bitmap #cards 512 size 80 coarsen threshold 460 Card regions per heap region 1 cards per card region 2048
 CPUs: 4 total, 4 available
 Memory: 7991M
 Large Page Support: Disabled
 NUMA Support: Disabled
 Compressed Oops: Enabled (32-bit)
 Heap Region Size: 1M
 Heap Min Capacity: 64M
 Heap Initial Capacity: 64M
 Heap Max Capacity: 64M
 Pre-touch: Disabled
 Parallel Workers: 4
 Concurrent Workers: 1
 Concurrent Refinement Workers: 4
 Periodic GC: Disabled
Heap:
 garbage-first heap   total 65536K, used 15251K [0x00000000fc000000, 0x0000000100000000)
  region size 1024K, 3 young (3072K), 1 survivors (1024K)
 Metaspace       used 11428K, committed 11776K, reserved 1114112K
  class space    used 1462K, committed 1600K, reserved 1048576K
GC Heap History (8 events):
Event: 0.471 GC heap before
{Heap before GC invocations=0 (full 0):
 garbage-first heap   total 65536K, used 13312K [0x00000000fc000000, 0x0000000100000000)
  region size 1024K, 13 young (13312K), 0 survivors (0K)
 Metaspace       used 1687K, committed 1856K, reserved 1114112K
  class space    used 160K, committed 256K, reserved 1048576K
}
Event: 0.473 GC heap after
{Heap after GC invocations=1 (full 0):
 garbage-first heap   total 65536K, used 1472K [0x00000000fc000000, 0x0000000100000000)
  region size 1024K, 2 young (2048K), 2 survivors (2048K)
 Metaspace       used 1687K, committed 1856K, reserved 1114112K
  class space    used 160K, committed 256K, reserved 1048576K
}
Event: 0.854 GC heap before
{Heap before GC invocations=1 (full 0):
 garbage-first heap   total 65536K, used 22976K [0x00000000fc000000, 0x0000000100000000)
  region size 1024K, 21 young (21504K), 2 survivors (2048K)
 Metaspace       used 2788K, committed 2944K, reserved 1114112K
  class space    used 299K, committed 384K, reserved 1048576K
}
Event: 0.860 GC heap after
{Heap after GC invocations=2 (full 0):
 garbage-first heap   total 65536K, used 9805K [0x00000000fc000000, 0x0000000100000000)
  region size 1024K, 3 young (3072K), 3 survivors (3072K)
 Metaspace       used 2788K, committed 2944K, reserved 1114112K
  class space    used 299K, committed 384K, reserved 1048576K
}
Event: 94.457 GC heap before
{Heap before GC invocations=2 (full 0):
 garbage-first heap   total 65536K, used 45645K [0x00000000fc000000, 0x0000000100000000)
  region size 1024K, 38 young (38912K), 3 survivors (3072K)
 Metaspace       used 11111K, committed 11456K, reserved 1114112K
  class space    used 1417K, committed 1600K, reserved 1048576K
}
Event: 97.437 GC heap after
{Heap after GC invocations=3 (full 0):
 garbage-first heap   total 65536K, used 13670K [0x00000000fc000000, 0x0000000100000000)
  region size 1024K, 5 young (5120K), 5 survivors (5120K)
 Metaspace       used 11111K, committed 11456K, reserved 1114112K
  class space    used 1417K, committed 1600K, reserved 1048576K
}
Event: 102.046 GC heap before
{Heap before GC invocations=3 (full 0):
 garbage-first heap   total 65536K, used 14694K [0x00000000fc000000, 0x0000000100000000)
  region size 1024K, 6 young (6144K), 5 survivors (5120K)
 Metaspace       used 11146K, committed 11520K, reserved 1114112K
  class space    used 1417K, committed 1600K, reserved 1048576K
}
Event: 102.050 GC heap after
{Heap after GC invocations=4 (full 0):
 garbage-first heap   total 65536K, used 14227K [0x00000000fc000000, 0x0000000100000000)
  region size 1024K, 1 young (1024K), 1 survivors (1024K)
 Metaspace       used 11146K, committed 11520K, reserved 1114112K
  class space    used 1417K, committed 1600K, reserved 1048576K
}

